Using pre-set license
Built from '2020.3/staging' branch; Version is '2020.3.5f1 (8095aa901b9b) revision 8426922'; Using compiler version '192528614'; Build Type 'Release'
OS: 'Windows 10 Pro; OS build 19044.1889; Version 2009; 64bit' Language: 'en' Physical Memory: 16059 MB
BatchMode: 1, IsHumanControllingUs: 0, StartBugReporterOnCrash: 0, Is64bit: 1, IsPro: 0

 COMMAND LINE ARGUMENTS:
C:\Program Files\Unity\Hub\Editor\2020.3.5f1\Editor\Unity.exe
-adb2
-batchMode
-noUpm
-name
AssetImportWorker0
-projectPath
C:/Users/ssjgh/My project
-logFile
Logs/AssetImportWorker0.log
-srvPort
61493
Successfully changed project path to: C:/Users/ssjgh/My project
C:/Users/ssjgh/My project
Using Asset Import Pipeline V2.
Refreshing native plugins compatible for Editor in 52.97 ms, found 0 plugins.
Preloading 0 native plugins for Editor in 0.00 ms.
Initialize engine version: 2020.3.5f1 (8095aa901b9b)
[Subsystems] Discovering subsystems at path C:/Program Files/Unity/Hub/Editor/2020.3.5f1/Editor/Data/Resources/UnitySubsystems
[Subsystems] Discovering subsystems at path C:/Users/ssjgh/My project/Assets
GfxDevice: creating device client; threaded=0
Direct3D:
    Version:  Direct3D 11.0 [level 11.1]
    Renderer: Intel(R) Iris(R) Xe Graphics (ID=0x46a8)
    Vendor:   
    VRAM:     8029 MB
    Driver:   31.0.101.3251
Initialize mono
Mono path[0] = 'C:/Program Files/Unity/Hub/Editor/2020.3.5f1/Editor/Data/Managed'
Mono path[1] = 'C:/Program Files/Unity/Hub/Editor/2020.3.5f1/Editor/Data/MonoBleedingEdge/lib/mono/unityjit'
Mono config path = 'C:/Program Files/Unity/Hub/Editor/2020.3.5f1/Editor/Data/MonoBleedingEdge/etc'
Using monoOptions --debugger-agent=transport=dt_socket,embedding=1,server=y,suspend=n,address=127.0.0.1:56668
Begin MonoManager ReloadAssembly
Registering precompiled unity dll's ...
Register platform support module: C:/Program Files/Unity/Hub/Editor/2020.3.5f1/Editor/Data/PlaybackEngines/WindowsStandaloneSupport/UnityEditor.WindowsStandalone.Extensions.dll
Registered in 0.005596 seconds.
Native extension for WindowsStandalone target not found
Refreshing native plugins compatible for Editor in 62.74 ms, found 0 plugins.
Preloading 0 native plugins for Editor in 0.00 ms.
Mono: successfully reloaded assembly
- Completed reload, in  2.645 seconds
Platform modules already initialized, skipping
Registering precompiled user dll's ...
Registered in 0.007232 seconds.
Begin MonoManager ReloadAssembly
Native extension for WindowsStandalone target not found
Refreshing native plugins compatible for Editor in 0.55 ms, found 0 plugins.
Preloading 0 native plugins for Editor in 0.00 ms.
Mono: successfully reloaded assembly
- Completed reload, in  1.694 seconds
Platform modules already initialized, skipping
========================================================================
Worker process is ready to serve import requests
Launched and connected shader compiler UnityShaderCompiler.exe after 0.14 seconds
Refreshing native plugins compatible for Editor in 0.51 ms, found 0 plugins.
Preloading 0 native plugins for Editor in 0.00 ms.
Unloading 1289 Unused Serialized files (Serialized files now loaded: 0)
System memory in use before: 83.3 MB.
System memory in use after: 83.4 MB.

Unloading 13 unused Assets to reduce memory usage. Loaded Objects now: 1752.
Total: 3.321300 ms (FindLiveObjects: 0.235400 ms CreateObjectMapping: 0.066000 ms MarkObjects: 2.812500 ms  DeleteObjects: 0.205100 ms)

========================================================================
Received Import Request.
  path: Assets/New Folder/Enemy.cs
  artifactKey: Guid(03b81e8a24c457c4eba6e81a82e4ae6c) Importer(815301076,1909f56bfc062723c751e8b465ee728b)
Start importing Assets/New Folder/Enemy.cs using Guid(03b81e8a24c457c4eba6e81a82e4ae6c) Importer(815301076,1909f56bfc062723c751e8b465ee728b)  -> (artifact id: 'f871173921167c312971c36ade82e554') in 0.113315 seconds
  Import took 0.117683 seconds .

========================================================================
Received Prepare
Registering precompiled user dll's ...
Registered in 0.003421 seconds.
Begin MonoManager ReloadAssembly
Native extension for WindowsStandalone target not found
Refreshing native plugins compatible for Editor in 0.57 ms, found 0 plugins.
Preloading 0 native plugins for Editor in 0.00 ms.
Mono: successfully reloaded assembly
- Completed reload, in  1.913 seconds
Platform modules already initialized, skipping
Refreshing native plugins compatible for Editor in 0.65 ms, found 0 plugins.
Preloading 0 native plugins for Editor in 0.00 ms.
Unloading 1243 Unused Serialized files (Serialized files now loaded: 0)
System memory in use before: 79.3 MB.
System memory in use after: 79.4 MB.

Unloading 8 unused Assets to reduce memory usage. Loaded Objects now: 1755.
Total: 3.362300 ms (FindLiveObjects: 0.262800 ms CreateObjectMapping: 0.072100 ms MarkObjects: 2.913000 ms  DeleteObjects: 0.111700 ms)

========================================================================
Received Import Request.
  Time since last request: 94.288011 seconds.
  path: Assets/New Folder/Hittable.cs
  artifactKey: Guid(6aa17ab5b464405478f219c17316f5de) Importer(815301076,1909f56bfc062723c751e8b465ee728b)
Start importing Assets/New Folder/Hittable.cs using Guid(6aa17ab5b464405478f219c17316f5de) Importer(815301076,1909f56bfc062723c751e8b465ee728b)  -> (artifact id: 'f647b1858544a6497d16a4bb42d35a9b') in 0.014255 seconds
  Import took 0.019670 seconds .

========================================================================
Received Import Request.
  Time since last request: 126.692516 seconds.
  path: Assets/New Folder/Hittable.cs
  artifactKey: Guid(6aa17ab5b464405478f219c17316f5de) Importer(815301076,1909f56bfc062723c751e8b465ee728b)
Start importing Assets/New Folder/Hittable.cs using Guid(6aa17ab5b464405478f219c17316f5de) Importer(815301076,1909f56bfc062723c751e8b465ee728b)  -> (artifact id: '4da8995e221deb2809c62d32394552f6') in 0.004152 seconds
  Import took 0.007069 seconds .

========================================================================
Received Import Request.
  Time since last request: 149.708566 seconds.
  path: Assets/New Folder/Hittable.cs
  artifactKey: Guid(6aa17ab5b464405478f219c17316f5de) Importer(815301076,1909f56bfc062723c751e8b465ee728b)
Start importing Assets/New Folder/Hittable.cs using Guid(6aa17ab5b464405478f219c17316f5de) Importer(815301076,1909f56bfc062723c751e8b465ee728b)  -> (artifact id: '380178cdb76c944732184703e55a530a') in 0.016784 seconds
  Import took 0.024250 seconds .

========================================================================
Received Prepare
Registering precompiled user dll's ...
Registered in 0.012729 seconds.
Begin MonoManager ReloadAssembly
Native extension for WindowsStandalone target not found
Refreshing native plugins compatible for Editor in 1.16 ms, found 0 plugins.
Preloading 0 native plugins for Editor in 0.00 ms.
Mono: successfully reloaded assembly
- Completed reload, in  1.550 seconds
Platform modules already initialized, skipping
Refreshing native plugins compatible for Editor in 0.48 ms, found 0 plugins.
Preloading 0 native plugins for Editor in 0.00 ms.
Unloading 1243 Unused Serialized files (Serialized files now loaded: 0)
System memory in use before: 79.3 MB.
System memory in use after: 79.4 MB.

Unloading 8 unused Assets to reduce memory usage. Loaded Objects now: 1758.
Total: 3.429600 ms (FindLiveObjects: 0.253200 ms CreateObjectMapping: 0.069400 ms MarkObjects: 2.978200 ms  DeleteObjects: 0.126400 ms)

========================================================================
Received Prepare
Registering precompiled user dll's ...
Registered in 0.005979 seconds.
Begin MonoManager ReloadAssembly
Native extension for WindowsStandalone target not found
Refreshing native plugins compatible for Editor in 0.49 ms, found 0 plugins.
Preloading 0 native plugins for Editor in 0.00 ms.
Mono: successfully reloaded assembly
- Completed reload, in  1.954 seconds
Platform modules already initialized, skipping
Refreshing native plugins compatible for Editor in 0.50 ms, found 0 plugins.
Preloading 0 native plugins for Editor in 0.00 ms.
Unloading 1243 Unused Serialized files (Serialized files now loaded: 0)
System memory in use before: 79.3 MB.
System memory in use after: 79.4 MB.

Unloading 8 unused Assets to reduce memory usage. Loaded Objects now: 1761.
Total: 3.719100 ms (FindLiveObjects: 0.345400 ms CreateObjectMapping: 0.102900 ms MarkObjects: 3.135500 ms  DeleteObjects: 0.131000 ms)

========================================================================
Received Import Request.
  Time since last request: 7599.474009 seconds.
  path: Assets/EnemyAtk.prefab
  artifactKey: Guid(79d2a5e4b2634de4bb54b2f01e7f2fa8) Importer(815301076,1909f56bfc062723c751e8b465ee728b)
Start importing Assets/EnemyAtk.prefab using Guid(79d2a5e4b2634de4bb54b2f01e7f2fa8) Importer(815301076,1909f56bfc062723c751e8b465ee728b)  -> (artifact id: 'c0a159ea5178dddc010d55944d6f6c53') in 0.126020 seconds
  Import took 0.131674 seconds .

========================================================================
Received Import Request.
  Time since last request: 0.000862 seconds.
  path: Assets/Sphere.prefab
  artifactKey: Guid(7bab1e533aa500446afe22b8be6fcc45) Importer(815301076,1909f56bfc062723c751e8b465ee728b)
Start importing Assets/Sphere.prefab using Guid(7bab1e533aa500446afe22b8be6fcc45) Importer(815301076,1909f56bfc062723c751e8b465ee728b)  -> (artifact id: 'c65c19916ec4e79b7ad63513205ef323') in 0.021197 seconds
  Import took 0.024626 seconds .

========================================================================
Received Import Request.
  Time since last request: 18.183404 seconds.
  path: Assets/Sphere.prefab
  artifactKey: Guid(7bab1e533aa500446afe22b8be6fcc45) Importer(815301076,1909f56bfc062723c751e8b465ee728b)
Start importing Assets/Sphere.prefab using Guid(7bab1e533aa500446afe22b8be6fcc45) Importer(815301076,1909f56bfc062723c751e8b465ee728b)  -> (artifact id: 'a99802767821b1e094b59d7c5e941d0d') in 0.011848 seconds
  Import took 0.015109 seconds .

========================================================================
Received Import Request.
  Time since last request: 0.003454 seconds.
  path: Assets/Sphere.prefab
  artifactKey: Guid(7bab1e533aa500446afe22b8be6fcc45) Importer(815301076,1909f56bfc062723c751e8b465ee728b)
Start importing Assets/Sphere.prefab using Guid(7bab1e533aa500446afe22b8be6fcc45) Importer(815301076,1909f56bfc062723c751e8b465ee728b)  -> (artifact id: 'a99802767821b1e094b59d7c5e941d0d') in 0.013682 seconds
  Import took 0.016203 seconds .

========================================================================
Received Import Request.
  Time since last request: 9.425454 seconds.
  path: Assets/Sphere.prefab
  artifactKey: Guid(7bab1e533aa500446afe22b8be6fcc45) Importer(815301076,1909f56bfc062723c751e8b465ee728b)
Start importing Assets/Sphere.prefab using Guid(7bab1e533aa500446afe22b8be6fcc45) Importer(815301076,1909f56bfc062723c751e8b465ee728b)  -> (artifact id: '3e537d725b01f6660b0920591132607c') in 0.012809 seconds
  Import took 0.015947 seconds .

========================================================================
Received Prepare
Registering precompiled user dll's ...
Registered in 0.003488 seconds.
Begin MonoManager ReloadAssembly
Native extension for WindowsStandalone target not found
Refreshing native plugins compatible for Editor in 0.47 ms, found 0 plugins.
Preloading 0 native plugins for Editor in 0.00 ms.
Mono: successfully reloaded assembly
- Completed reload, in  1.580 seconds
Platform modules already initialized, skipping
Refreshing native plugins compatible for Editor in 0.54 ms, found 0 plugins.
Preloading 0 native plugins for Editor in 0.00 ms.
Unloading 1243 Unused Serialized files (Serialized files now loaded: 0)
System memory in use before: 82.5 MB.
System memory in use after: 82.6 MB.

Unloading 8 unused Assets to reduce memory usage. Loaded Objects now: 1772.
Total: 3.484000 ms (FindLiveObjects: 0.268200 ms CreateObjectMapping: 0.070900 ms MarkObjects: 3.025300 ms  DeleteObjects: 0.117300 ms)

========================================================================
Received Import Request.
  Time since last request: 70.252899 seconds.
  path: Assets/New Folder/CustomBullet.cs
  artifactKey: Guid(541092e81ff58bb4682378bf20c662c4) Importer(815301076,1909f56bfc062723c751e8b465ee728b)
Start importing Assets/New Folder/CustomBullet.cs using Guid(541092e81ff58bb4682378bf20c662c4) Importer(815301076,1909f56bfc062723c751e8b465ee728b)  -> (artifact id: '1b5ab7fc422b6407bde026893fc43fd8') in 0.005234 seconds
  Import took 0.007900 seconds .

========================================================================
Received Import Request.
  Time since last request: 0.002276 seconds.
  path: Assets/New Folder/CustomBullet.cs
  artifactKey: Guid(541092e81ff58bb4682378bf20c662c4) Importer(815301076,1909f56bfc062723c751e8b465ee728b)
Start importing Assets/New Folder/CustomBullet.cs using Guid(541092e81ff58bb4682378bf20c662c4) Importer(815301076,1909f56bfc062723c751e8b465ee728b)  -> (artifact id: '1b5ab7fc422b6407bde026893fc43fd8') in 0.003775 seconds
  Import took 0.006132 seconds .

========================================================================
Received Import Request.
  Time since last request: 0.712588 seconds.
  path: Assets/New Folder/DamageCollider.cs
  artifactKey: Guid(6324cca72a3c44e4eb78f15817c48d24) Importer(815301076,1909f56bfc062723c751e8b465ee728b)
Start importing Assets/New Folder/DamageCollider.cs using Guid(6324cca72a3c44e4eb78f15817c48d24) Importer(815301076,1909f56bfc062723c751e8b465ee728b)  -> (artifact id: '65198a528373b6825964741447f51be4') in 0.009150 seconds
  Import took 0.024525 seconds .

========================================================================
Received Prepare
Registering precompiled user dll's ...
Registered in 0.005534 seconds.
Begin MonoManager ReloadAssembly
Native extension for WindowsStandalone target not found
Refreshing native plugins compatible for Editor in 0.46 ms, found 0 plugins.
Preloading 0 native plugins for Editor in 0.00 ms.
Mono: successfully reloaded assembly
- Completed reload, in  1.550 seconds
Platform modules already initialized, skipping
Refreshing native plugins compatible for Editor in 0.56 ms, found 0 plugins.
Preloading 0 native plugins for Editor in 0.00 ms.
Unloading 1242 Unused Serialized files (Serialized files now loaded: 0)
System memory in use before: 82.5 MB.
System memory in use after: 82.6 MB.

Unloading 9 unused Assets to reduce memory usage. Loaded Objects now: 1774.
Total: 3.752600 ms (FindLiveObjects: 0.298000 ms CreateObjectMapping: 0.077000 ms MarkObjects: 3.257500 ms  DeleteObjects: 0.117300 ms)

========================================================================
Received Prepare
Registering precompiled user dll's ...
Registered in 0.006406 seconds.
Begin MonoManager ReloadAssembly
Native extension for WindowsStandalone target not found
Refreshing native plugins compatible for Editor in 0.48 ms, found 0 plugins.
Preloading 0 native plugins for Editor in 0.00 ms.
Mono: successfully reloaded assembly
- Completed reload, in  1.350 seconds
Platform modules already initialized, skipping
Refreshing native plugins compatible for Editor in 0.28 ms, found 0 plugins.
Preloading 0 native plugins for Editor in 0.00 ms.
Unloading 1242 Unused Serialized files (Serialized files now loaded: 0)
System memory in use before: 82.5 MB.
System memory in use after: 82.6 MB.

Unloading 8 unused Assets to reduce memory usage. Loaded Objects now: 1777.
Total: 1.924900 ms (FindLiveObjects: 0.145000 ms CreateObjectMapping: 0.032100 ms MarkObjects: 1.690400 ms  DeleteObjects: 0.056500 ms)

========================================================================
Received Import Request.
  Time since last request: 113.860981 seconds.
  path: Assets/New Folder/PlayerStats.cs
  artifactKey: Guid(f4b6083c952e7cd4db5849ade2cd9684) Importer(815301076,1909f56bfc062723c751e8b465ee728b)
Start importing Assets/New Folder/PlayerStats.cs using Guid(f4b6083c952e7cd4db5849ade2cd9684) Importer(815301076,1909f56bfc062723c751e8b465ee728b)  -> (artifact id: '7181e6965a221a916ce1bb2f79ff29c1') in 0.006390 seconds
  Import took 0.069658 seconds .

========================================================================
Received Prepare
Registering precompiled user dll's ...
Registered in 0.006599 seconds.
Begin MonoManager ReloadAssembly
Native extension for WindowsStandalone target not found
Refreshing native plugins compatible for Editor in 0.46 ms, found 0 plugins.
Preloading 0 native plugins for Editor in 0.00 ms.
Mono: successfully reloaded assembly
- Completed reload, in  1.514 seconds
Platform modules already initialized, skipping
Refreshing native plugins compatible for Editor in 0.44 ms, found 0 plugins.
Preloading 0 native plugins for Editor in 0.00 ms.
Unloading 1242 Unused Serialized files (Serialized files now loaded: 0)
System memory in use before: 82.5 MB.
System memory in use after: 82.6 MB.

Unloading 8 unused Assets to reduce memory usage. Loaded Objects now: 1780.
Total: 3.754400 ms (FindLiveObjects: 0.278500 ms CreateObjectMapping: 0.071400 ms MarkObjects: 3.248600 ms  DeleteObjects: 0.152700 ms)

========================================================================
Received Import Request.
  Time since last request: 109.045169 seconds.
  path: Assets/New Folder/PlayerStats.cs
  artifactKey: Guid(f4b6083c952e7cd4db5849ade2cd9684) Importer(815301076,1909f56bfc062723c751e8b465ee728b)
Start importing Assets/New Folder/PlayerStats.cs using Guid(f4b6083c952e7cd4db5849ade2cd9684) Importer(815301076,1909f56bfc062723c751e8b465ee728b)  -> (artifact id: '10f4a521739ce68c891d958f404b76d5') in 0.011309 seconds
  Import took 0.086228 seconds .

========================================================================
Received Prepare
Registering precompiled user dll's ...
Registered in 0.010563 seconds.
Begin MonoManager ReloadAssembly
Native extension for WindowsStandalone target not found
Refreshing native plugins compatible for Editor in 0.65 ms, found 0 plugins.
Preloading 0 native plugins for Editor in 0.00 ms.
Mono: successfully reloaded assembly
- Completed reload, in  1.503 seconds
Platform modules already initialized, skipping
Refreshing native plugins compatible for Editor in 0.51 ms, found 0 plugins.
Preloading 0 native plugins for Editor in 0.00 ms.
Unloading 1242 Unused Serialized files (Serialized files now loaded: 0)
System memory in use before: 82.5 MB.
System memory in use after: 82.6 MB.

Unloading 8 unused Assets to reduce memory usage. Loaded Objects now: 1783.
Total: 4.786200 ms (FindLiveObjects: 0.403400 ms CreateObjectMapping: 0.142300 ms MarkObjects: 4.092500 ms  DeleteObjects: 0.143200 ms)

========================================================================
Received Prepare
Registering precompiled user dll's ...
Registered in 0.006571 seconds.
Begin MonoManager ReloadAssembly
Native extension for WindowsStandalone target not found
Refreshing native plugins compatible for Editor in 0.50 ms, found 0 plugins.
Preloading 0 native plugins for Editor in 0.00 ms.
Mono: successfully reloaded assembly
- Completed reload, in  1.522 seconds
Platform modules already initialized, skipping
Refreshing native plugins compatible for Editor in 0.44 ms, found 0 plugins.
Preloading 0 native plugins for Editor in 0.00 ms.
Unloading 1242 Unused Serialized files (Serialized files now loaded: 0)
System memory in use before: 82.5 MB.
System memory in use after: 82.6 MB.

Unloading 8 unused Assets to reduce memory usage. Loaded Objects now: 1786.
Total: 3.346800 ms (FindLiveObjects: 0.272800 ms CreateObjectMapping: 0.078100 ms MarkObjects: 2.863600 ms  DeleteObjects: 0.128600 ms)

========================================================================
Received Prepare
Registering precompiled user dll's ...
Registered in 0.003910 seconds.
Begin MonoManager ReloadAssembly
Native extension for WindowsStandalone target not found
Refreshing native plugins compatible for Editor in 0.44 ms, found 0 plugins.
Preloading 0 native plugins for Editor in 0.00 ms.
Mono: successfully reloaded assembly
- Completed reload, in  1.417 seconds
Platform modules already initialized, skipping
Refreshing native plugins compatible for Editor in 0.49 ms, found 0 plugins.
Preloading 0 native plugins for Editor in 0.00 ms.
Unloading 1242 Unused Serialized files (Serialized files now loaded: 0)
System memory in use before: 82.5 MB.
System memory in use after: 82.6 MB.

Unloading 8 unused Assets to reduce memory usage. Loaded Objects now: 1789.
Total: 4.389300 ms (FindLiveObjects: 0.307700 ms CreateObjectMapping: 0.090300 ms MarkObjects: 3.858600 ms  DeleteObjects: 0.129500 ms)

========================================================================
Received Prepare
Registering precompiled user dll's ...
Registered in 0.004013 seconds.
Begin MonoManager ReloadAssembly
Native extension for WindowsStandalone target not found
Refreshing native plugins compatible for Editor in 0.42 ms, found 0 plugins.
Preloading 0 native plugins for Editor in 0.00 ms.
Mono: successfully reloaded assembly
- Completed reload, in  1.369 seconds
Platform modules already initialized, skipping
Refreshing native plugins compatible for Editor in 0.41 ms, found 0 plugins.
Preloading 0 native plugins for Editor in 0.00 ms.
Unloading 1242 Unused Serialized files (Serialized files now loaded: 0)
System memory in use before: 82.5 MB.
System memory in use after: 82.6 MB.

Unloading 8 unused Assets to reduce memory usage. Loaded Objects now: 1792.
Total: 3.222600 ms (FindLiveObjects: 0.218300 ms CreateObjectMapping: 0.055900 ms MarkObjects: 2.842700 ms  DeleteObjects: 0.103000 ms)

========================================================================
Received Prepare
Registering precompiled user dll's ...
Registered in 0.007450 seconds.
Begin MonoManager ReloadAssembly
Native extension for WindowsStandalone target not found
Refreshing native plugins compatible for Editor in 0.51 ms, found 0 plugins.
Preloading 0 native plugins for Editor in 0.00 ms.
Mono: successfully reloaded assembly
- Completed reload, in  1.646 seconds
Platform modules already initialized, skipping
Refreshing native plugins compatible for Editor in 0.49 ms, found 0 plugins.
Preloading 0 native plugins for Editor in 0.00 ms.
Unloading 1242 Unused Serialized files (Serialized files now loaded: 0)
System memory in use before: 82.5 MB.
System memory in use after: 82.6 MB.

Unloading 8 unused Assets to reduce memory usage. Loaded Objects now: 1795.
Total: 4.964200 ms (FindLiveObjects: 0.442100 ms CreateObjectMapping: 0.167700 ms MarkObjects: 4.151500 ms  DeleteObjects: 0.197800 ms)

========================================================================
Received Prepare
Registering precompiled user dll's ...
Registered in 0.007084 seconds.
Begin MonoManager ReloadAssembly
Native extension for WindowsStandalone target not found
Refreshing native plugins compatible for Editor in 0.52 ms, found 0 plugins.
Preloading 0 native plugins for Editor in 0.00 ms.
Mono: successfully reloaded assembly
- Completed reload, in  1.514 seconds
Platform modules already initialized, skipping
Refreshing native plugins compatible for Editor in 0.46 ms, found 0 plugins.
Preloading 0 native plugins for Editor in 0.00 ms.
Unloading 1242 Unused Serialized files (Serialized files now loaded: 0)
System memory in use before: 82.5 MB.
System memory in use after: 82.6 MB.

Unloading 8 unused Assets to reduce memory usage. Loaded Objects now: 1798.
Total: 3.091200 ms (FindLiveObjects: 0.252000 ms CreateObjectMapping: 0.066500 ms MarkObjects: 2.649400 ms  DeleteObjects: 0.120500 ms)

========================================================================
Received Prepare
Registering precompiled user dll's ...
Registered in 0.006784 seconds.
Begin MonoManager ReloadAssembly
Native extension for WindowsStandalone target not found
Refreshing native plugins compatible for Editor in 0.44 ms, found 0 plugins.
Preloading 0 native plugins for Editor in 0.00 ms.
Mono: successfully reloaded assembly
- Completed reload, in  1.414 seconds
Platform modules already initialized, skipping
Refreshing native plugins compatible for Editor in 0.44 ms, found 0 plugins.
Preloading 0 native plugins for Editor in 0.00 ms.
Unloading 1242 Unused Serialized files (Serialized files now loaded: 0)
System memory in use before: 82.5 MB.
System memory in use after: 82.6 MB.

Unloading 8 unused Assets to reduce memory usage. Loaded Objects now: 1801.
Total: 3.709200 ms (FindLiveObjects: 0.267400 ms CreateObjectMapping: 0.077700 ms MarkObjects: 3.260100 ms  DeleteObjects: 0.100900 ms)

========================================================================
Received Prepare
Registering precompiled user dll's ...
Registered in 0.006894 seconds.
Begin MonoManager ReloadAssembly
Native extension for WindowsStandalone target not found
Refreshing native plugins compatible for Editor in 0.51 ms, found 0 plugins.
Preloading 0 native plugins for Editor in 0.00 ms.
Mono: successfully reloaded assembly
- Completed reload, in  1.566 seconds
Platform modules already initialized, skipping
Refreshing native plugins compatible for Editor in 0.48 ms, found 0 plugins.
Preloading 0 native plugins for Editor in 0.00 ms.
Unloading 1242 Unused Serialized files (Serialized files now loaded: 0)
System memory in use before: 82.5 MB.
System memory in use after: 82.6 MB.

Unloading 8 unused Assets to reduce memory usage. Loaded Objects now: 1804.
Total: 3.422200 ms (FindLiveObjects: 0.293800 ms CreateObjectMapping: 0.103900 ms MarkObjects: 2.902000 ms  DeleteObjects: 0.120300 ms)

========================================================================
Received Prepare
Registering precompiled user dll's ...
Registered in 0.006866 seconds.
Begin MonoManager ReloadAssembly
Native extension for WindowsStandalone target not found
Refreshing native plugins compatible for Editor in 0.47 ms, found 0 plugins.
Preloading 0 native plugins for Editor in 0.00 ms.
Mono: successfully reloaded assembly
- Completed reload, in  1.831 seconds
Platform modules already initialized, skipping
Refreshing native plugins compatible for Editor in 0.47 ms, found 0 plugins.
Preloading 0 native plugins for Editor in 0.00 ms.
Unloading 1242 Unused Serialized files (Serialized files now loaded: 0)
System memory in use before: 82.5 MB.
System memory in use after: 82.6 MB.

Unloading 8 unused Assets to reduce memory usage. Loaded Objects now: 1807.
Total: 22.788200 ms (FindLiveObjects: 0.396000 ms CreateObjectMapping: 0.131000 ms MarkObjects: 22.112000 ms  DeleteObjects: 0.145400 ms)

========================================================================
Received Prepare
Registering precompiled user dll's ...
Registered in 0.010047 seconds.
Begin MonoManager ReloadAssembly
Native extension for WindowsStandalone target not found
Refreshing native plugins compatible for Editor in 0.50 ms, found 0 plugins.
Preloading 0 native plugins for Editor in 0.00 ms.
Mono: successfully reloaded assembly
- Completed reload, in  1.666 seconds
Platform modules already initialized, skipping
Refreshing native plugins compatible for Editor in 1.00 ms, found 0 plugins.
Preloading 0 native plugins for Editor in 0.00 ms.
Unloading 1242 Unused Serialized files (Serialized files now loaded: 0)
System memory in use before: 82.5 MB.
System memory in use after: 82.6 MB.

Unloading 8 unused Assets to reduce memory usage. Loaded Objects now: 1810.
Total: 5.021400 ms (FindLiveObjects: 0.389000 ms CreateObjectMapping: 0.094700 ms MarkObjects: 4.389100 ms  DeleteObjects: 0.143100 ms)

========================================================================
Received Prepare
Registering precompiled user dll's ...
Registered in 0.007557 seconds.
Begin MonoManager ReloadAssembly
Native extension for WindowsStandalone target not found
Refreshing native plugins compatible for Editor in 0.45 ms, found 0 plugins.
Preloading 0 native plugins for Editor in 0.00 ms.
Mono: successfully reloaded assembly
- Completed reload, in  1.729 seconds
Platform modules already initialized, skipping
Script error: OnTriggerEnter
This message parameter has to be of type: Collider
The message will be ignored.

Refreshing native plugins compatible for Editor in 0.45 ms, found 0 plugins.
Preloading 0 native plugins for Editor in 0.00 ms.
Unloading 1242 Unused Serialized files (Serialized files now loaded: 0)
System memory in use before: 82.7 MB.
System memory in use after: 82.8 MB.

Unloading 8 unused Assets to reduce memory usage. Loaded Objects now: 1813.
Total: 3.724400 ms (FindLiveObjects: 0.263400 ms CreateObjectMapping: 0.076100 ms MarkObjects: 3.250600 ms  DeleteObjects: 0.131400 ms)

========================================================================
Received Prepare
Registering precompiled user dll's ...
Registered in 0.011309 seconds.
Begin MonoManager ReloadAssembly
Native extension for WindowsStandalone target not found
Refreshing native plugins compatible for Editor in 0.58 ms, found 0 plugins.
Preloading 0 native plugins for Editor in 0.00 ms.
Mono: successfully reloaded assembly
- Completed reload, in  1.653 seconds
Platform modules already initialized, skipping
Refreshing native plugins compatible for Editor in 0.49 ms, found 0 plugins.
Preloading 0 native plugins for Editor in 0.00 ms.
Unloading 1242 Unused Serialized files (Serialized files now loaded: 0)
System memory in use before: 82.7 MB.
System memory in use after: 82.8 MB.

Unloading 8 unused Assets to reduce memory usage. Loaded Objects now: 1816.
Total: 4.289600 ms (FindLiveObjects: 0.309600 ms CreateObjectMapping: 0.077900 ms MarkObjects: 3.753300 ms  DeleteObjects: 0.146100 ms)

========================================================================
Received Prepare
Registering precompiled user dll's ...
Registered in 0.006180 seconds.
Begin MonoManager ReloadAssembly
Native extension for WindowsStandalone target not found
Refreshing native plugins compatible for Editor in 0.46 ms, found 0 plugins.
Preloading 0 native plugins for Editor in 0.00 ms.
Mono: successfully reloaded assembly
- Completed reload, in  1.663 seconds
Platform modules already initialized, skipping
Refreshing native plugins compatible for Editor in 0.45 ms, found 0 plugins.
Preloading 0 native plugins for Editor in 0.00 ms.
Unloading 1242 Unused Serialized files (Serialized files now loaded: 0)
System memory in use before: 82.7 MB.
System memory in use after: 82.8 MB.

Unloading 8 unused Assets to reduce memory usage. Loaded Objects now: 1819.
Total: 3.694500 ms (FindLiveObjects: 0.329000 ms CreateObjectMapping: 0.080400 ms MarkObjects: 3.155200 ms  DeleteObjects: 0.126100 ms)

========================================================================
Received Prepare
Registering precompiled user dll's ...
Registered in 0.008511 seconds.
Begin MonoManager ReloadAssembly
Native extension for WindowsStandalone target not found
Refreshing native plugins compatible for Editor in 0.42 ms, found 0 plugins.
Preloading 0 native plugins for Editor in 0.00 ms.
Mono: successfully reloaded assembly
- Completed reload, in  1.635 seconds
Platform modules already initialized, skipping
Refreshing native plugins compatible for Editor in 0.50 ms, found 0 plugins.
Preloading 0 native plugins for Editor in 0.00 ms.
Unloading 1242 Unused Serialized files (Serialized files now loaded: 0)
System memory in use before: 82.7 MB.
System memory in use after: 82.8 MB.

Unloading 8 unused Assets to reduce memory usage. Loaded Objects now: 1822.
Total: 3.784000 ms (FindLiveObjects: 0.301500 ms CreateObjectMapping: 0.084800 ms MarkObjects: 3.276200 ms  DeleteObjects: 0.118700 ms)

========================================================================
Received Prepare
Registering precompiled user dll's ...
Registered in 0.007509 seconds.
Begin MonoManager ReloadAssembly
Native extension for WindowsStandalone target not found
Refreshing native plugins compatible for Editor in 0.47 ms, found 0 plugins.
Preloading 0 native plugins for Editor in 0.00 ms.
Mono: successfully reloaded assembly
- Completed reload, in  1.495 seconds
Platform modules already initialized, skipping
Refreshing native plugins compatible for Editor in 0.42 ms, found 0 plugins.
Preloading 0 native plugins for Editor in 0.00 ms.
Unloading 1242 Unused Serialized files (Serialized files now loaded: 0)
System memory in use before: 82.7 MB.
System memory in use after: 82.8 MB.

Unloading 8 unused Assets to reduce memory usage. Loaded Objects now: 1825.
Total: 3.118300 ms (FindLiveObjects: 0.482500 ms CreateObjectMapping: 0.206500 ms MarkObjects: 2.337100 ms  DeleteObjects: 0.089800 ms)

========================================================================
Received Prepare
Registering precompiled user dll's ...
Registered in 0.008044 seconds.
Begin MonoManager ReloadAssembly
Native extension for WindowsStandalone target not found
Refreshing native plugins compatible for Editor in 0.51 ms, found 0 plugins.
Preloading 0 native plugins for Editor in 0.00 ms.
Mono: successfully reloaded assembly
- Completed reload, in  1.707 seconds
Platform modules already initialized, skipping
Refreshing native plugins compatible for Editor in 0.44 ms, found 0 plugins.
Preloading 0 native plugins for Editor in 0.00 ms.
Unloading 1242 Unused Serialized files (Serialized files now loaded: 0)
System memory in use before: 82.7 MB.
System memory in use after: 82.8 MB.

Unloading 8 unused Assets to reduce memory usage. Loaded Objects now: 1828.
Total: 2.732300 ms (FindLiveObjects: 0.224700 ms CreateObjectMapping: 0.057500 ms MarkObjects: 2.323000 ms  DeleteObjects: 0.123800 ms)

========================================================================
Received Prepare
Registering precompiled user dll's ...
Registered in 0.007677 seconds.
Begin MonoManager ReloadAssembly
Native extension for WindowsStandalone target not found
Refreshing native plugins compatible for Editor in 0.57 ms, found 0 plugins.
Preloading 0 native plugins for Editor in 0.00 ms.
Mono: successfully reloaded assembly
- Completed reload, in  1.601 seconds
Platform modules already initialized, skipping
Refreshing native plugins compatible for Editor in 0.42 ms, found 0 plugins.
Preloading 0 native plugins for Editor in 0.00 ms.
Unloading 1242 Unused Serialized files (Serialized files now loaded: 0)
System memory in use before: 82.7 MB.
System memory in use after: 82.8 MB.

Unloading 8 unused Assets to reduce memory usage. Loaded Objects now: 1831.
Total: 4.171100 ms (FindLiveObjects: 0.312600 ms CreateObjectMapping: 0.076500 ms MarkObjects: 3.628400 ms  DeleteObjects: 0.150900 ms)

========================================================================
Received Prepare
Registering precompiled user dll's ...
Registered in 0.006900 seconds.
Begin MonoManager ReloadAssembly
Native extension for WindowsStandalone target not found
Refreshing native plugins compatible for Editor in 0.41 ms, found 0 plugins.
Preloading 0 native plugins for Editor in 0.00 ms.
Mono: successfully reloaded assembly
- Completed reload, in  1.583 seconds
Platform modules already initialized, skipping
Refreshing native plugins compatible for Editor in 0.46 ms, found 0 plugins.
Preloading 0 native plugins for Editor in 0.00 ms.
Unloading 1242 Unused Serialized files (Serialized files now loaded: 0)
System memory in use before: 82.7 MB.
System memory in use after: 82.8 MB.

Unloading 8 unused Assets to reduce memory usage. Loaded Objects now: 1834.
Total: 3.773000 ms (FindLiveObjects: 0.413000 ms CreateObjectMapping: 0.111800 ms MarkObjects: 3.128400 ms  DeleteObjects: 0.116400 ms)

========================================================================
Received Import Request.
  Time since last request: 7466.136064 seconds.
  path: Assets/New Folder/Grappling.cs
  artifactKey: Guid(a5a573df18a2adb4d9f6f76677e48c90) Importer(815301076,1909f56bfc062723c751e8b465ee728b)
Start importing Assets/New Folder/Grappling.cs using Guid(a5a573df18a2adb4d9f6f76677e48c90) Importer(815301076,1909f56bfc062723c751e8b465ee728b)  -> (artifact id: 'ff455134faf306f9c278e8db40478dd4') in 0.006499 seconds
  Import took 0.009091 seconds .

========================================================================
Received Import Request.
  Time since last request: 3.020822 seconds.
  path: Assets/New Folder/PlayerStats.cs
  artifactKey: Guid(f4b6083c952e7cd4db5849ade2cd9684) Importer(815301076,1909f56bfc062723c751e8b465ee728b)
Start importing Assets/New Folder/PlayerStats.cs using Guid(f4b6083c952e7cd4db5849ade2cd9684) Importer(815301076,1909f56bfc062723c751e8b465ee728b)  -> (artifact id: '01793869431a0f1d9b87148a09f1e74b') in 0.005713 seconds
  Import took 0.011558 seconds .

========================================================================
Received Import Request.
  Time since last request: 0.987915 seconds.
  path: Assets/New Folder/PlayerMovement.cs
  artifactKey: Guid(2df29b7baad8121499a01316487727d0) Importer(815301076,1909f56bfc062723c751e8b465ee728b)
Start importing Assets/New Folder/PlayerMovement.cs using Guid(2df29b7baad8121499a01316487727d0) Importer(815301076,1909f56bfc062723c751e8b465ee728b)  -> (artifact id: 'd75f73bfb86f32db68c3bb66772a5725') in 0.003872 seconds
  Import took 0.006092 seconds .

========================================================================
Received Prepare
Registering precompiled user dll's ...
Registered in 0.004862 seconds.
Begin MonoManager ReloadAssembly
Native extension for WindowsStandalone target not found
Refreshing native plugins compatible for Editor in 0.44 ms, found 0 plugins.
Preloading 0 native plugins for Editor in 0.00 ms.
Mono: successfully reloaded assembly
- Completed reload, in  0.943 seconds
Platform modules already initialized, skipping
Refreshing native plugins compatible for Editor in 0.29 ms, found 0 plugins.
Preloading 0 native plugins for Editor in 0.00 ms.
Unloading 1242 Unused Serialized files (Serialized files now loaded: 0)
System memory in use before: 82.7 MB.
System memory in use after: 82.8 MB.

Unloading 8 unused Assets to reduce memory usage. Loaded Objects now: 1837.
Total: 1.975100 ms (FindLiveObjects: 0.180000 ms CreateObjectMapping: 0.046900 ms MarkObjects: 1.676000 ms  DeleteObjects: 0.070600 ms)

